 UNITS
 t0 (Gyr)=  0.73334416590615259      t0 (kpc s/km)=  0.75000000000000000      h0 (kpc)=  0.50000000000000000      etat0 (cm2s)=    1.0285591933333333E+026
 
 NUMERICS:
 nvar=                3
 dt=          3.7878228353333009E-003    n1=                150    n2=                9
 dx=          5.0000000000000001E-003    nxphys=            201    nxghost=           3    nx=         207
 minval(x)=  -1.4999999999999999E-002    maxval(x)=   1.0150000000000001     
 
 PHYSICAL GRID:
 r_kpc= -0.22499999999999998      -0.14999999999999997       -7.4999999999999983E-002   0.0000000000000000        7.5000000000000011E-002  0.15000000000000002       0.22499999999999998       0.30000000000000004       0.37500000000000000       0.44999999999999996       0.52500000000000002       0.59999999999999998       0.67499999999999993       0.75000000000000000       0.82500000000000007       0.89999999999999991       0.97500000000000009        1.0500000000000000        1.1250000000000000        1.2000000000000000        1.2750000000000001        1.3499999999999999        1.4250000000000000        1.5000000000000000        1.5750000000000000        1.6499999999999999        1.7250000000000001        1.8000000000000000        1.8750000000000000        1.9500000000000002        2.0250000000000004        2.1000000000000001        2.1750000000000003        2.2500000000000004        2.3250000000000002        2.4000000000000004        2.4749999999999996        2.5499999999999998        2.6250000000000000        2.6999999999999997        2.7749999999999999        2.8500000000000001        2.9250000000000003        3.0000000000000000        3.0750000000000002        3.1500000000000004        3.2250000000000005        3.3000000000000003        3.3749999999999996        3.4499999999999997        3.5249999999999999        3.5999999999999996        3.6749999999999998        3.7500000000000000        3.8250000000000002        3.9000000000000004        3.9750000000000001        4.0500000000000007        4.1249999999999991        4.1999999999999993        4.2749999999999995        4.3499999999999996        4.4249999999999998        4.5000000000000000        4.5750000000000002        4.6500000000000004        4.7249999999999996        4.7999999999999998        4.8750000000000000        4.9500000000000002        5.0250000000000004        5.0999999999999996        5.1749999999999998        5.2500000000000000        5.3249999999999993        5.3999999999999995        5.4749999999999996        5.5499999999999998        5.6250000000000000        5.7000000000000002        5.7750000000000004        5.8500000000000005        5.9250000000000007        6.0000000000000000        6.0749999999999993        6.1499999999999995        6.2249999999999996        6.2999999999999998        6.3750000000000000        6.4500000000000002        6.5250000000000004        6.5999999999999996        6.6749999999999998        6.7500000000000000        6.8250000000000002        6.9000000000000004        6.9749999999999996        7.0499999999999998        7.1250000000000000        7.1999999999999993        7.2749999999999995        7.3499999999999996        7.4249999999999998        7.5000000000000000        7.5750000000000002        7.6500000000000004        7.7250000000000005        7.8000000000000007        7.8750000000000000        7.9500000000000002        8.0250000000000004        8.1000000000000014        8.1750000000000007        8.2500000000000000        8.3250000000000011        8.4000000000000004        8.4749999999999996        8.5499999999999989        8.6250000000000000        8.6999999999999993        8.7749999999999986        8.8499999999999996        8.9249999999999989        9.0000000000000000        9.0749999999999993        9.1500000000000004        9.2249999999999996        9.3000000000000007        9.3750000000000000        9.4499999999999993        9.5250000000000004        9.5999999999999996        9.6750000000000007        9.7500000000000000        9.8250000000000011        9.9000000000000004        9.9750000000000014        10.050000000000001        10.125000000000000        10.200000000000001        10.275000000000000        10.350000000000000        10.424999999999999        10.500000000000000        10.574999999999999        10.649999999999999        10.725000000000000        10.799999999999999        10.875000000000000        10.949999999999999        11.025000000000000        11.100000000000000        11.175000000000001        11.250000000000000        11.324999999999999        11.400000000000000        11.475000000000000        11.550000000000001        11.625000000000000        11.700000000000001        11.775000000000000        11.850000000000001        11.925000000000001        12.000000000000000        12.075000000000001        12.150000000000000        12.225000000000001        12.299999999999999        12.375000000000000        12.449999999999999        12.524999999999999        12.600000000000000        12.674999999999999        12.750000000000000        12.824999999999999        12.900000000000000        12.975000000000000        13.050000000000001        13.125000000000000        13.199999999999999        13.275000000000000        13.350000000000000        13.425000000000001        13.500000000000000        13.575000000000001        13.650000000000000        13.725000000000001        13.800000000000001        13.875000000000000        13.950000000000001        14.025000000000000        14.100000000000001        14.174999999999999        14.250000000000000        14.324999999999999        14.399999999999999        14.475000000000000        14.549999999999999        14.625000000000000        14.699999999999999        14.775000000000000        14.850000000000001        14.925000000000001        15.000000000000004        15.075000000000001        15.150000000000000        15.225000000000001     
 
 MODULES:
 Read_param=  T Dyn_quench= T Alg_quench=    F Damp=        F
 Var_Uz=      F Var_l=      F Var_v=         F Var_n=       T
 Flaring=     T Rand_seed=  F Alp_ceiling=   T Om_Brandt=   T
 Alp_squared= T Krause=     T Shear=         T Advect=      T
 Turb_dif=    T
 
 INPUT PARAMETERS:
 r_disk_kpc=    15.000000000000000      R_kappa=      1.0000000000000000     
 l_sol_kpc=    0.10000000000000001      r_l_kpc=      9.8000000000000007      v_sol_kms=       10.000000000000000      r_v_kpc=       7.5000000000000000     
 n_sol_cm3=    0.10000000000000001      r_n_kpc=      7.5000000000000000      Uz_sol_kms=      0.0000000000000000      r_Uz_kpc=      30.000000000000000     
 h_sol_kpc=    0.50000000000000000      r_h_kpc=      9.8000000000000007      Uphi_sol_kms=    220.00000000000000      r_om_kpc=      2.0000000000000000     
 
 OTHER FREE PARAMETERS:
 r_in=    0.0000000000000000      r_disk_kpc=   15.000000000000000      r_sol_kpc=   8.0000000000000000      r1_kpc=   15.000000000000000     
 ctau=    1.0000000000000000      nn=                   2 lambda=      3.3333333333333333E-002
 C_alp=   1.0000000000000000      alpceil=     0.50000000000000000      Rm_inv=      0.0000000000000000     
 
 IMPORTANT CALCULATED PARAMETERS
 etat_sol_cm2s=   1.0285591933333333E+026 td_sol_Gyr=  0.73334416590615259      tau_sol_Gyr=   9.7779222120820356E-003
 etat_sol=        1.0000000000000000      td_sol=       1.0000000000000000      tau_sol        1.3333333333333334E-002
 
 INPUT/OUTPUT INFORMATION
 Directory ending   =CE_010
 home directory     =/Users/luke/fortran_pde/1D/telegraph/r_noz
 
 
 Writing parameters to file param00000001.out
 Finished writing parameters to file param00000001.out
 Writing initial output to file init00000001.out
 
 Finished writing initial output to file init00000001.out
 it=         100 t=   3.4090405517998987      t(Gyr)=   2.4999999999999467      r(R/2)(kpc)=   7.5000000000000000     
 Br(R/2)(mkG)=  -2.0215723012387765E-019 Bp(R/2)(mkG)=   1.2047218891855685E-018 |Bz(R/2)|(mkG)=   2.7159047206155950E-019
 p(R/2)(deg)=  -9.5258073644712393     
 cpu time in seconds:   -2.6530000000000000E-003
 Directory ending   =CE_010

 Writing output for final timestep to file run00000001.out
 simulation time in seconds:    1.0158080000000000     
