 UNITS
 t0 (Gyr)=  0.73334416590615259      t0 (kpc s/km)=  0.75000000000000000      h0 (kpc)=  0.50000000000000000      etat0 (cm2s)=    1.0285591933333333E+026
 
 NUMERICS:
 nvar=                3
 dt=          3.7878228353333009E-003    n1=                420    n2=                9
 dx=          1.6666666666666666E-002    nxphys=             61    nxghost=           3    nx=          67
 minval(x)=  -5.0000000000000003E-002    maxval(x)=   1.0500000000000000     
 
 PHYSICAL GRID:
 r_kpc= -0.75000000000000000      -0.50000000000000011      -0.25000000000000006        0.0000000000000000       0.24999999999999994       0.49999999999999989       0.75000000000000000        1.0000000000000000        1.2500000000000000        1.4999999999999998        1.7499999999999998        1.9999999999999996        2.2500000000000004        2.5000000000000004        2.7500000000000000        3.0000000000000000        3.2500000000000000        3.5000000000000000        3.7500000000000000        4.0000000000000000        4.2500000000000000        4.5000000000000000        4.7500000000000000        5.0000000000000000        5.2500000000000009        5.5000000000000000        5.7500000000000000        6.0000000000000000        6.2500000000000000        6.5000000000000000        6.7500000000000000        6.9999999999999991        7.2500000000000000        7.5000000000000000        7.7499999999999991        8.0000000000000000        8.2499999999999982        8.5000000000000000        8.7499999999999982        9.0000000000000000        9.2499999999999982        9.5000000000000000        9.7499999999999982        10.000000000000000        10.249999999999998        10.500000000000000        10.749999999999998        11.000000000000000        11.250000000000000        11.500000000000000        11.750000000000000        11.999999999999998        12.250000000000000        12.499999999999998        12.750000000000000        12.999999999999998        13.250000000000000        13.499999999999998        13.750000000000000        13.999999999999998        14.250000000000000        14.499999999999998        14.749999999999998        15.000000000000000        15.250000000000000        15.499999999999998        15.750000000000000     
 
 MODULES:
 Read_param=  T Dyn_quench= T Alg_quench=    F Damp=        F
 Var_Uz=      F Var_l=      F Var_v=         F Var_n=       T
 Flaring=     T Rand_seed=  F Alp_ceiling=   F Om_Brandt=   T
 Alp_squared= T Krause=     T Shear=         T Advect=      T
 Turb_dif=    T
 
 INPUT PARAMETERS:
 r_disk_kpc=    15.000000000000000      R_kappa=      1.0000000000000000     
 l_sol_kpc=    0.10000000000000001      r_l_kpc=      9.8000000000000007      v_sol_kms=       10.000000000000000      r_v_kpc=       7.5000000000000000     
 n_sol_cm3=    0.10000000000000001      r_n_kpc=      7.5000000000000000      Uz_sol_kms=      3.0000000000000000      r_Uz_kpc=      30.000000000000000     
 h_sol_kpc=    0.50000000000000000      r_h_kpc=      9.8000000000000007      Uphi_sol_kms=    220.00000000000000      r_om_kpc=      2.0000000000000000     
 
 OTHER FREE PARAMETERS:
 r_in=    0.0000000000000000      r_disk_kpc=   15.000000000000000      r_sol_kpc=   8.0000000000000000      r1_kpc=   15.000000000000000     
 ctau=    1.0000000000000000      nn=                   2 lambda=      3.3333333333333333E-002
 C_alp=   1.0000000000000000      alpceil=     0.50000000000000000      Rm_inv=      0.0000000000000000     
 
 IMPORTANT CALCULATED PARAMETERS
 etat_sol_cm2s=   1.0285591933333333E+026 td_sol_Gyr=  0.73334416590615259      tau_sol_Gyr=   9.7779222120820356E-003
 etat_sol=        1.0000000000000000      td_sol=       1.0000000000000000      tau_sol        1.3333333333333334E-002
 
 INPUT/OUTPUT INFORMATION
 Directory ending   =CE_006
 home directory     =/Users/luke/fortran_pde/1D/telegraph/r_noz
 
 
 Writing parameters to file param00000003.out
 Finished writing parameters to file param00000003.out
 Writing initial output to file init00000003.out
 
 Finished writing initial output to file init00000003.out
 it=         420 t=   28.635940635125792      t(Gyr)=   21.000000000004427      r(R/2)(kpc)=   7.5000000000000000     
 Br(R/2)(mkG)=  -9.1984335158478703E-003 Bp(R/2)(mkG)=   5.3330917824883403E-002 |Bz(R/2)|(mkG)=   5.3130658780099829E-003
 p(R/2)(deg)=  -9.7860965807096498     
 cpu time in seconds:   -2.2800000000011700E-004
 Directory ending   =CE_006

 Writing output for final timestep to file run00000003.out
 it=         420 t=   28.635940635125792      t(Gyr)=   21.000000000004427      r(R/2)(kpc)=   7.5000000000000000     
 Br(R/2)(mkG)=  -9.1984335158478703E-003 Bp(R/2)(mkG)=   5.3330917824883403E-002 |Bz(R/2)|(mkG)=   5.3130658780099829E-003
 p(R/2)(deg)=  -9.7860965807096498     
 cpu time in seconds:   -1.3099999999988121E-004
 Directory ending   =CE_006

 Writing output for final timestep to file run00000003.out
 simulation time in seconds:   0.68287599999999982     
 simulation time in seconds:   0.59518800000000005     
